Performing C SOURCE FILE Test IS_WNO-UNUSED-CONST-VARIABLE_SUPPORTED failed with the following output:
Change Dir: /home/cloudson/sources/gowork/src/github.com/cloudson/gitql/libgit2/CMakeFiles/CMakeTmp

Run Build Command:/usr/bin/make "cmTryCompileExec2488356322/fast"
make[1]: Entering directory `/home/cloudson/sources/gowork/src/github.com/cloudson/gitql/libgit2/CMakeFiles/CMakeTmp'
/usr/bin/make -f CMakeFiles/cmTryCompileExec2488356322.dir/build.make CMakeFiles/cmTryCompileExec2488356322.dir/build
make[2]: Entering directory `/home/cloudson/sources/gowork/src/github.com/cloudson/gitql/libgit2/CMakeFiles/CMakeTmp'
/usr/bin/cmake -E cmake_progress_report /home/cloudson/sources/gowork/src/github.com/cloudson/gitql/libgit2/CMakeFiles/CMakeTmp/CMakeFiles 1
Building C object CMakeFiles/cmTryCompileExec2488356322.dir/src.c.o
/usr/bin/cc   -D_GNU_SOURCE -Wall -Wextra  -fvisibility=hidden -fPIC -Wno-missing-field-initializers -Wstrict-aliasing=2 -Wstrict-prototypes -Wdeclaration-after-statement  -DIS_WNO-UNUSED-CONST-VARIABLE_SUPPORTED   -Wno-unused-const-variable -o CMakeFiles/cmTryCompileExec2488356322.dir/src.c.o   -c /home/cloudson/sources/gowork/src/github.com/cloudson/gitql/libgit2/CMakeFiles/CMakeTmp/src.c
<command-line>:0:7: warning: missing whitespace after the macro name [enabled by default]
cc1: warning: unrecognized command line option "-Wno-unused-const-variable" [enabled by default]
Linking C executable cmTryCompileExec2488356322
/usr/bin/cmake -E cmake_link_script CMakeFiles/cmTryCompileExec2488356322.dir/link.txt --verbose=1
/usr/bin/cc   -D_GNU_SOURCE -Wall -Wextra  -fvisibility=hidden -fPIC -Wno-missing-field-initializers -Wstrict-aliasing=2 -Wstrict-prototypes -Wdeclaration-after-statement  -DIS_WNO-UNUSED-CONST-VARIABLE_SUPPORTED    CMakeFiles/cmTryCompileExec2488356322.dir/src.c.o  -o cmTryCompileExec2488356322 -rdynamic 
make[2]: Leaving directory `/home/cloudson/sources/gowork/src/github.com/cloudson/gitql/libgit2/CMakeFiles/CMakeTmp'
make[1]: Leaving directory `/home/cloudson/sources/gowork/src/github.com/cloudson/gitql/libgit2/CMakeFiles/CMakeTmp'

Source file was:
int main(void) { return 0; }
Determining if the pthread_create exist failed with the following output:
Change Dir: /home/cloudson/sources/gowork/src/github.com/cloudson/gitql/libgit2/CMakeFiles/CMakeTmp

Run Build Command:/usr/bin/make "cmTryCompileExec2866536738/fast"
make[1]: Entering directory `/home/cloudson/sources/gowork/src/github.com/cloudson/gitql/libgit2/CMakeFiles/CMakeTmp'
/usr/bin/make -f CMakeFiles/cmTryCompileExec2866536738.dir/build.make CMakeFiles/cmTryCompileExec2866536738.dir/build
make[2]: Entering directory `/home/cloudson/sources/gowork/src/github.com/cloudson/gitql/libgit2/CMakeFiles/CMakeTmp'
/usr/bin/cmake -E cmake_progress_report /home/cloudson/sources/gowork/src/github.com/cloudson/gitql/libgit2/CMakeFiles/CMakeTmp/CMakeFiles 1
Building C object CMakeFiles/cmTryCompileExec2866536738.dir/CheckSymbolExists.c.o
/usr/bin/cc   -D_GNU_SOURCE -Wall -Wextra  -fvisibility=hidden -fPIC -Wno-missing-field-initializers -Wstrict-aliasing=2 -Wstrict-prototypes -Wdeclaration-after-statement -Wno-unused-function     -o CMakeFiles/cmTryCompileExec2866536738.dir/CheckSymbolExists.c.o   -c /home/cloudson/sources/gowork/src/github.com/cloudson/gitql/libgit2/CMakeFiles/CMakeTmp/CheckSymbolExists.c
Linking C executable cmTryCompileExec2866536738
/usr/bin/cmake -E cmake_link_script CMakeFiles/cmTryCompileExec2866536738.dir/link.txt --verbose=1
/usr/bin/cc   -D_GNU_SOURCE -Wall -Wextra  -fvisibility=hidden -fPIC -Wno-missing-field-initializers -Wstrict-aliasing=2 -Wstrict-prototypes -Wdeclaration-after-statement -Wno-unused-function      CMakeFiles/cmTryCompileExec2866536738.dir/CheckSymbolExists.c.o  -o cmTryCompileExec2866536738 -rdynamic 
CMakeFiles/cmTryCompileExec2866536738.dir/CheckSymbolExists.c.o: In function `main':
CheckSymbolExists.c:(.text+0x1b): undefined reference to `pthread_create'
collect2: error: ld returned 1 exit status
make[2]: Leaving directory `/home/cloudson/sources/gowork/src/github.com/cloudson/gitql/libgit2/CMakeFiles/CMakeTmp'
make[2]: *** [cmTryCompileExec2866536738] Error 1
make[1]: *** [cmTryCompileExec2866536738/fast] Error 2
make[1]: Leaving directory `/home/cloudson/sources/gowork/src/github.com/cloudson/gitql/libgit2/CMakeFiles/CMakeTmp'

File /home/cloudson/sources/gowork/src/github.com/cloudson/gitql/libgit2/CMakeFiles/CMakeTmp/CheckSymbolExists.c:
/* */
#include <pthread.h>

int main(int argc, char** argv)
{
  (void)argv;
#ifndef pthread_create
  return ((int*)(&pthread_create))[argc];
#else
  (void)argc;
  return 0;
#endif
}

Determining if the function pthread_create exists in the pthreads failed with the following output:
Change Dir: /home/cloudson/sources/gowork/src/github.com/cloudson/gitql/libgit2/CMakeFiles/CMakeTmp

Run Build Command:/usr/bin/make "cmTryCompileExec2844548902/fast"
make[1]: Entering directory `/home/cloudson/sources/gowork/src/github.com/cloudson/gitql/libgit2/CMakeFiles/CMakeTmp'
/usr/bin/make -f CMakeFiles/cmTryCompileExec2844548902.dir/build.make CMakeFiles/cmTryCompileExec2844548902.dir/build
make[2]: Entering directory `/home/cloudson/sources/gowork/src/github.com/cloudson/gitql/libgit2/CMakeFiles/CMakeTmp'
/usr/bin/cmake -E cmake_progress_report /home/cloudson/sources/gowork/src/github.com/cloudson/gitql/libgit2/CMakeFiles/CMakeTmp/CMakeFiles 1
Building C object CMakeFiles/cmTryCompileExec2844548902.dir/CheckFunctionExists.c.o
/usr/bin/cc   -D_GNU_SOURCE -Wall -Wextra  -fvisibility=hidden -fPIC -Wno-missing-field-initializers -Wstrict-aliasing=2 -Wstrict-prototypes -Wdeclaration-after-statement -Wno-unused-function  -DCHECK_FUNCTION_EXISTS=pthread_create   -o CMakeFiles/cmTryCompileExec2844548902.dir/CheckFunctionExists.c.o   -c /usr/share/cmake-2.8/Modules/CheckFunctionExists.c
/usr/share/cmake-2.8/Modules/CheckFunctionExists.c:3:1: warning: function declaration isn’t a prototype [-Wstrict-prototypes]
 char CHECK_FUNCTION_EXISTS();
 ^
Linking C executable cmTryCompileExec2844548902
/usr/bin/cmake -E cmake_link_script CMakeFiles/cmTryCompileExec2844548902.dir/link.txt --verbose=1
/usr/bin/cc   -D_GNU_SOURCE -Wall -Wextra  -fvisibility=hidden -fPIC -Wno-missing-field-initializers -Wstrict-aliasing=2 -Wstrict-prototypes -Wdeclaration-after-statement -Wno-unused-function  -DCHECK_FUNCTION_EXISTS=pthread_create    CMakeFiles/cmTryCompileExec2844548902.dir/CheckFunctionExists.c.o  -o cmTryCompileExec2844548902 -rdynamic -lpthreads 
/usr/bin/ld: cannot find -lpthreads
collect2: error: ld returned 1 exit status
make[2]: *** [cmTryCompileExec2844548902] Error 1
make[2]: Leaving directory `/home/cloudson/sources/gowork/src/github.com/cloudson/gitql/libgit2/CMakeFiles/CMakeTmp'
make[1]: *** [cmTryCompileExec2844548902/fast] Error 2
make[1]: Leaving directory `/home/cloudson/sources/gowork/src/github.com/cloudson/gitql/libgit2/CMakeFiles/CMakeTmp'


