The system is: Linux - 3.11.0-26-generic - x86_64
Compiling the C compiler identification source file "CMakeCCompilerId.c" succeeded.
Compiler: /usr/bin/cc 
Build flags: 
Id flags: 

The output was:
0


Compilation of the C compiler identification source "CMakeCCompilerId.c" produced "a.out"

The C compiler identification is GNU, found in "/home/cloudson/sources/gowork/src/github.com/cloudson/gitql/libgit2/CMakeFiles/2.8.11.2/CompilerIdC/a.out"

Determining if the C compiler works passed with the following output:
Change Dir: /home/cloudson/sources/gowork/src/github.com/cloudson/gitql/libgit2/CMakeFiles/CMakeTmp

Run Build Command:/usr/bin/make "cmTryCompileExec1769680933/fast"
make[1]: Entering directory `/home/cloudson/sources/gowork/src/github.com/cloudson/gitql/libgit2/CMakeFiles/CMakeTmp'
/usr/bin/make -f CMakeFiles/cmTryCompileExec1769680933.dir/build.make CMakeFiles/cmTryCompileExec1769680933.dir/build
make[2]: Entering directory `/home/cloudson/sources/gowork/src/github.com/cloudson/gitql/libgit2/CMakeFiles/CMakeTmp'
/usr/bin/cmake -E cmake_progress_report /home/cloudson/sources/gowork/src/github.com/cloudson/gitql/libgit2/CMakeFiles/CMakeTmp/CMakeFiles 1
Building C object CMakeFiles/cmTryCompileExec1769680933.dir/testCCompiler.c.o
/usr/bin/cc    -o CMakeFiles/cmTryCompileExec1769680933.dir/testCCompiler.c.o   -c /home/cloudson/sources/gowork/src/github.com/cloudson/gitql/libgit2/CMakeFiles/CMakeTmp/testCCompiler.c
Linking C executable cmTryCompileExec1769680933
/usr/bin/cmake -E cmake_link_script CMakeFiles/cmTryCompileExec1769680933.dir/link.txt --verbose=1
/usr/bin/cc         CMakeFiles/cmTryCompileExec1769680933.dir/testCCompiler.c.o  -o cmTryCompileExec1769680933 -rdynamic 
make[2]: Leaving directory `/home/cloudson/sources/gowork/src/github.com/cloudson/gitql/libgit2/CMakeFiles/CMakeTmp'
make[1]: Leaving directory `/home/cloudson/sources/gowork/src/github.com/cloudson/gitql/libgit2/CMakeFiles/CMakeTmp'


Detecting C compiler ABI info compiled with the following output:
Change Dir: /home/cloudson/sources/gowork/src/github.com/cloudson/gitql/libgit2/CMakeFiles/CMakeTmp

Run Build Command:/usr/bin/make "cmTryCompileExec2275044570/fast"
make[1]: Entering directory `/home/cloudson/sources/gowork/src/github.com/cloudson/gitql/libgit2/CMakeFiles/CMakeTmp'
/usr/bin/make -f CMakeFiles/cmTryCompileExec2275044570.dir/build.make CMakeFiles/cmTryCompileExec2275044570.dir/build
make[2]: Entering directory `/home/cloudson/sources/gowork/src/github.com/cloudson/gitql/libgit2/CMakeFiles/CMakeTmp'
/usr/bin/cmake -E cmake_progress_report /home/cloudson/sources/gowork/src/github.com/cloudson/gitql/libgit2/CMakeFiles/CMakeTmp/CMakeFiles 1
Building C object CMakeFiles/cmTryCompileExec2275044570.dir/CMakeCCompilerABI.c.o
/usr/bin/cc    -o CMakeFiles/cmTryCompileExec2275044570.dir/CMakeCCompilerABI.c.o   -c /usr/share/cmake-2.8/Modules/CMakeCCompilerABI.c
Linking C executable cmTryCompileExec2275044570
/usr/bin/cmake -E cmake_link_script CMakeFiles/cmTryCompileExec2275044570.dir/link.txt --verbose=1
/usr/bin/cc       -v CMakeFiles/cmTryCompileExec2275044570.dir/CMakeCCompilerABI.c.o  -o cmTryCompileExec2275044570 -rdynamic  
Using built-in specs.
COLLECT_GCC=/usr/bin/cc
COLLECT_LTO_WRAPPER=/usr/lib/gcc/x86_64-linux-gnu/4.8/lto-wrapper
Target: x86_64-linux-gnu
Configured with: ../src/configure -v --with-pkgversion='Ubuntu/Linaro 4.8.1-10ubuntu9' --with-bugurl=file:///usr/share/doc/gcc-4.8/README.Bugs --enable-languages=c,c++,java,go,d,fortran,objc,obj-c++ --prefix=/usr --program-suffix=-4.8 --enable-shared --enable-linker-build-id --libexecdir=/usr/lib --without-included-gettext --enable-threads=posix --with-gxx-include-dir=/usr/include/c++/4.8 --libdir=/usr/lib --enable-nls --with-sysroot=/ --enable-clocale=gnu --enable-libstdcxx-debug --enable-libstdcxx-time=yes --enable-gnu-unique-object --enable-plugin --with-system-zlib --disable-browser-plugin --enable-java-awt=gtk --enable-gtk-cairo --with-java-home=/usr/lib/jvm/java-1.5.0-gcj-4.8-amd64/jre --enable-java-home --with-jvm-root-dir=/usr/lib/jvm/java-1.5.0-gcj-4.8-amd64 --with-jvm-jar-dir=/usr/lib/jvm-exports/java-1.5.0-gcj-4.8-amd64 --with-arch-directory=amd64 --with-ecj-jar=/usr/share/java/eclipse-ecj.jar --enable-objc-gc --enable-multiarch --disable-werror --with-arch-32=i686 --with-abi=m64 --with-multilib-list=m32,m64,mx32 --with-tune=generic --enable-checking=release --build=x86_64-linux-gnu --host=x86_64-linux-gnu --target=x86_64-linux-gnu
Thread model: posix
gcc version 4.8.1 (Ubuntu/Linaro 4.8.1-10ubuntu9) 
COMPILER_PATH=/usr/lib/gcc/x86_64-linux-gnu/4.8/:/usr/lib/gcc/x86_64-linux-gnu/4.8/:/usr/lib/gcc/x86_64-linux-gnu/:/usr/lib/gcc/x86_64-linux-gnu/4.8/:/usr/lib/gcc/x86_64-linux-gnu/
LIBRARY_PATH=/usr/lib/gcc/x86_64-linux-gnu/4.8/:/usr/lib/gcc/x86_64-linux-gnu/4.8/../../../x86_64-linux-gnu/:/usr/lib/gcc/x86_64-linux-gnu/4.8/../../../../lib/:/lib/x86_64-linux-gnu/:/lib/../lib/:/usr/lib/x86_64-linux-gnu/:/usr/lib/../lib/:/usr/lib/gcc/x86_64-linux-gnu/4.8/../../../:/lib/:/usr/lib/
COLLECT_GCC_OPTIONS='-v' '-o' 'cmTryCompileExec2275044570' '-rdynamic' '-mtune=generic' '-march=x86-64'
 /usr/lib/gcc/x86_64-linux-gnu/4.8/collect2 --sysroot=/ --build-id --eh-frame-hdr -m elf_x86_64 --hash-style=gnu --as-needed -export-dynamic -dynamic-linker /lib64/ld-linux-x86-64.so.2 -z relro -o cmTryCompileExec2275044570 /usr/lib/gcc/x86_64-linux-gnu/4.8/../../../x86_64-linux-gnu/crt1.o /usr/lib/gcc/x86_64-linux-gnu/4.8/../../../x86_64-linux-gnu/crti.o /usr/lib/gcc/x86_64-linux-gnu/4.8/crtbegin.o -L/usr/lib/gcc/x86_64-linux-gnu/4.8 -L/usr/lib/gcc/x86_64-linux-gnu/4.8/../../../x86_64-linux-gnu -L/usr/lib/gcc/x86_64-linux-gnu/4.8/../../../../lib -L/lib/x86_64-linux-gnu -L/lib/../lib -L/usr/lib/x86_64-linux-gnu -L/usr/lib/../lib -L/usr/lib/gcc/x86_64-linux-gnu/4.8/../../.. CMakeFiles/cmTryCompileExec2275044570.dir/CMakeCCompilerABI.c.o -lgcc --as-needed -lgcc_s --no-as-needed -lc -lgcc --as-needed -lgcc_s --no-as-needed /usr/lib/gcc/x86_64-linux-gnu/4.8/crtend.o /usr/lib/gcc/x86_64-linux-gnu/4.8/../../../x86_64-linux-gnu/crtn.o
make[2]: Leaving directory `/home/cloudson/sources/gowork/src/github.com/cloudson/gitql/libgit2/CMakeFiles/CMakeTmp'
make[1]: Leaving directory `/home/cloudson/sources/gowork/src/github.com/cloudson/gitql/libgit2/CMakeFiles/CMakeTmp'


Parsed C implicit link information from above output:
  link line regex: [^( *|.*[/\])(ld|ld|collect2)[^/\]*( |$)]
  ignore line: [Change Dir: /home/cloudson/sources/gowork/src/github.com/cloudson/gitql/libgit2/CMakeFiles/CMakeTmp]
  ignore line: []
  ignore line: [Run Build Command:/usr/bin/make "cmTryCompileExec2275044570/fast"]
  ignore line: [make[1]: Entering directory `/home/cloudson/sources/gowork/src/github.com/cloudson/gitql/libgit2/CMakeFiles/CMakeTmp']
  ignore line: [/usr/bin/make -f CMakeFiles/cmTryCompileExec2275044570.dir/build.make CMakeFiles/cmTryCompileExec2275044570.dir/build]
  ignore line: [make[2]: Entering directory `/home/cloudson/sources/gowork/src/github.com/cloudson/gitql/libgit2/CMakeFiles/CMakeTmp']
  ignore line: [/usr/bin/cmake -E cmake_progress_report /home/cloudson/sources/gowork/src/github.com/cloudson/gitql/libgit2/CMakeFiles/CMakeTmp/CMakeFiles 1]
  ignore line: [Building C object CMakeFiles/cmTryCompileExec2275044570.dir/CMakeCCompilerABI.c.o]
  ignore line: [/usr/bin/cc    -o CMakeFiles/cmTryCompileExec2275044570.dir/CMakeCCompilerABI.c.o   -c /usr/share/cmake-2.8/Modules/CMakeCCompilerABI.c]
  ignore line: [Linking C executable cmTryCompileExec2275044570]
  ignore line: [/usr/bin/cmake -E cmake_link_script CMakeFiles/cmTryCompileExec2275044570.dir/link.txt --verbose=1]
  ignore line: [/usr/bin/cc       -v CMakeFiles/cmTryCompileExec2275044570.dir/CMakeCCompilerABI.c.o  -o cmTryCompileExec2275044570 -rdynamic  ]
  ignore line: [Using built-in specs.]
  ignore line: [COLLECT_GCC=/usr/bin/cc]
  ignore line: [COLLECT_LTO_WRAPPER=/usr/lib/gcc/x86_64-linux-gnu/4.8/lto-wrapper]
  ignore line: [Target: x86_64-linux-gnu]
  ignore line: [Configured with: ../src/configure -v --with-pkgversion='Ubuntu/Linaro 4.8.1-10ubuntu9' --with-bugurl=file:///usr/share/doc/gcc-4.8/README.Bugs --enable-languages=c,c++,java,go,d,fortran,objc,obj-c++ --prefix=/usr --program-suffix=-4.8 --enable-shared --enable-linker-build-id --libexecdir=/usr/lib --without-included-gettext --enable-threads=posix --with-gxx-include-dir=/usr/include/c++/4.8 --libdir=/usr/lib --enable-nls --with-sysroot=/ --enable-clocale=gnu --enable-libstdcxx-debug --enable-libstdcxx-time=yes --enable-gnu-unique-object --enable-plugin --with-system-zlib --disable-browser-plugin --enable-java-awt=gtk --enable-gtk-cairo --with-java-home=/usr/lib/jvm/java-1.5.0-gcj-4.8-amd64/jre --enable-java-home --with-jvm-root-dir=/usr/lib/jvm/java-1.5.0-gcj-4.8-amd64 --with-jvm-jar-dir=/usr/lib/jvm-exports/java-1.5.0-gcj-4.8-amd64 --with-arch-directory=amd64 --with-ecj-jar=/usr/share/java/eclipse-ecj.jar --enable-objc-gc --enable-multiarch --disable-werror --with-arch-32=i686 --with-abi=m64 --with-multilib-list=m32,m64,mx32 --with-tune=generic --enable-checking=release --build=x86_64-linux-gnu --host=x86_64-linux-gnu --target=x86_64-linux-gnu]
  ignore line: [Thread model: posix]
  ignore line: [gcc version 4.8.1 (Ubuntu/Linaro 4.8.1-10ubuntu9) ]
  ignore line: [COMPILER_PATH=/usr/lib/gcc/x86_64-linux-gnu/4.8/:/usr/lib/gcc/x86_64-linux-gnu/4.8/:/usr/lib/gcc/x86_64-linux-gnu/:/usr/lib/gcc/x86_64-linux-gnu/4.8/:/usr/lib/gcc/x86_64-linux-gnu/]
  ignore line: [LIBRARY_PATH=/usr/lib/gcc/x86_64-linux-gnu/4.8/:/usr/lib/gcc/x86_64-linux-gnu/4.8/../../../x86_64-linux-gnu/:/usr/lib/gcc/x86_64-linux-gnu/4.8/../../../../lib/:/lib/x86_64-linux-gnu/:/lib/../lib/:/usr/lib/x86_64-linux-gnu/:/usr/lib/../lib/:/usr/lib/gcc/x86_64-linux-gnu/4.8/../../../:/lib/:/usr/lib/]
  ignore line: [COLLECT_GCC_OPTIONS='-v' '-o' 'cmTryCompileExec2275044570' '-rdynamic' '-mtune=generic' '-march=x86-64']
  link line: [ /usr/lib/gcc/x86_64-linux-gnu/4.8/collect2 --sysroot=/ --build-id --eh-frame-hdr -m elf_x86_64 --hash-style=gnu --as-needed -export-dynamic -dynamic-linker /lib64/ld-linux-x86-64.so.2 -z relro -o cmTryCompileExec2275044570 /usr/lib/gcc/x86_64-linux-gnu/4.8/../../../x86_64-linux-gnu/crt1.o /usr/lib/gcc/x86_64-linux-gnu/4.8/../../../x86_64-linux-gnu/crti.o /usr/lib/gcc/x86_64-linux-gnu/4.8/crtbegin.o -L/usr/lib/gcc/x86_64-linux-gnu/4.8 -L/usr/lib/gcc/x86_64-linux-gnu/4.8/../../../x86_64-linux-gnu -L/usr/lib/gcc/x86_64-linux-gnu/4.8/../../../../lib -L/lib/x86_64-linux-gnu -L/lib/../lib -L/usr/lib/x86_64-linux-gnu -L/usr/lib/../lib -L/usr/lib/gcc/x86_64-linux-gnu/4.8/../../.. CMakeFiles/cmTryCompileExec2275044570.dir/CMakeCCompilerABI.c.o -lgcc --as-needed -lgcc_s --no-as-needed -lc -lgcc --as-needed -lgcc_s --no-as-needed /usr/lib/gcc/x86_64-linux-gnu/4.8/crtend.o /usr/lib/gcc/x86_64-linux-gnu/4.8/../../../x86_64-linux-gnu/crtn.o]
    arg [/usr/lib/gcc/x86_64-linux-gnu/4.8/collect2] ==> ignore
    arg [--sysroot=/] ==> ignore
    arg [--build-id] ==> ignore
    arg [--eh-frame-hdr] ==> ignore
    arg [-m] ==> ignore
    arg [elf_x86_64] ==> ignore
    arg [--hash-style=gnu] ==> ignore
    arg [--as-needed] ==> ignore
    arg [-export-dynamic] ==> ignore
    arg [-dynamic-linker] ==> ignore
    arg [/lib64/ld-linux-x86-64.so.2] ==> ignore
    arg [-zrelro] ==> ignore
    arg [-o] ==> ignore
    arg [cmTryCompileExec2275044570] ==> ignore
    arg [/usr/lib/gcc/x86_64-linux-gnu/4.8/../../../x86_64-linux-gnu/crt1.o] ==> ignore
    arg [/usr/lib/gcc/x86_64-linux-gnu/4.8/../../../x86_64-linux-gnu/crti.o] ==> ignore
    arg [/usr/lib/gcc/x86_64-linux-gnu/4.8/crtbegin.o] ==> ignore
    arg [-L/usr/lib/gcc/x86_64-linux-gnu/4.8] ==> dir [/usr/lib/gcc/x86_64-linux-gnu/4.8]
    arg [-L/usr/lib/gcc/x86_64-linux-gnu/4.8/../../../x86_64-linux-gnu] ==> dir [/usr/lib/gcc/x86_64-linux-gnu/4.8/../../../x86_64-linux-gnu]
    arg [-L/usr/lib/gcc/x86_64-linux-gnu/4.8/../../../../lib] ==> dir [/usr/lib/gcc/x86_64-linux-gnu/4.8/../../../../lib]
    arg [-L/lib/x86_64-linux-gnu] ==> dir [/lib/x86_64-linux-gnu]
    arg [-L/lib/../lib] ==> dir [/lib/../lib]
    arg [-L/usr/lib/x86_64-linux-gnu] ==> dir [/usr/lib/x86_64-linux-gnu]
    arg [-L/usr/lib/../lib] ==> dir [/usr/lib/../lib]
    arg [-L/usr/lib/gcc/x86_64-linux-gnu/4.8/../../..] ==> dir [/usr/lib/gcc/x86_64-linux-gnu/4.8/../../..]
    arg [CMakeFiles/cmTryCompileExec2275044570.dir/CMakeCCompilerABI.c.o] ==> ignore
    arg [-lgcc] ==> lib [gcc]
    arg [--as-needed] ==> ignore
    arg [-lgcc_s] ==> lib [gcc_s]
    arg [--no-as-needed] ==> ignore
    arg [-lc] ==> lib [c]
    arg [-lgcc] ==> lib [gcc]
    arg [--as-needed] ==> ignore
    arg [-lgcc_s] ==> lib [gcc_s]
    arg [--no-as-needed] ==> ignore
    arg [/usr/lib/gcc/x86_64-linux-gnu/4.8/crtend.o] ==> ignore
    arg [/usr/lib/gcc/x86_64-linux-gnu/4.8/../../../x86_64-linux-gnu/crtn.o] ==> ignore
  remove lib [gcc]
  remove lib [gcc_s]
  remove lib [gcc]
  remove lib [gcc_s]
  collapse library dir [/usr/lib/gcc/x86_64-linux-gnu/4.8] ==> [/usr/lib/gcc/x86_64-linux-gnu/4.8]
  collapse library dir [/usr/lib/gcc/x86_64-linux-gnu/4.8/../../../x86_64-linux-gnu] ==> [/usr/lib/x86_64-linux-gnu]
  collapse library dir [/usr/lib/gcc/x86_64-linux-gnu/4.8/../../../../lib] ==> [/usr/lib]
  collapse library dir [/lib/x86_64-linux-gnu] ==> [/lib/x86_64-linux-gnu]
  collapse library dir [/lib/../lib] ==> [/lib]
  collapse library dir [/usr/lib/x86_64-linux-gnu] ==> [/usr/lib/x86_64-linux-gnu]
  collapse library dir [/usr/lib/../lib] ==> [/usr/lib]
  collapse library dir [/usr/lib/gcc/x86_64-linux-gnu/4.8/../../..] ==> [/usr/lib]
  implicit libs: [c]
  implicit dirs: [/usr/lib/gcc/x86_64-linux-gnu/4.8;/usr/lib/x86_64-linux-gnu;/usr/lib;/lib/x86_64-linux-gnu;/lib]
  implicit fwks: []


Performing C SOURCE FILE Test IS_FVISIBILITY=HIDDEN_SUPPORTED succeded with the following output:
Change Dir: /home/cloudson/sources/gowork/src/github.com/cloudson/gitql/libgit2/CMakeFiles/CMakeTmp

Run Build Command:/usr/bin/make "cmTryCompileExec4119528717/fast"
make[1]: Entering directory `/home/cloudson/sources/gowork/src/github.com/cloudson/gitql/libgit2/CMakeFiles/CMakeTmp'
/usr/bin/make -f CMakeFiles/cmTryCompileExec4119528717.dir/build.make CMakeFiles/cmTryCompileExec4119528717.dir/build
make[2]: Entering directory `/home/cloudson/sources/gowork/src/github.com/cloudson/gitql/libgit2/CMakeFiles/CMakeTmp'
/usr/bin/cmake -E cmake_progress_report /home/cloudson/sources/gowork/src/github.com/cloudson/gitql/libgit2/CMakeFiles/CMakeTmp/CMakeFiles 1
Building C object CMakeFiles/cmTryCompileExec4119528717.dir/src.c.o
/usr/bin/cc   -D_GNU_SOURCE -Wall -Wextra   -DIS_FVISIBILITY=HIDDEN_SUPPORTED   -fvisibility=hidden -o CMakeFiles/cmTryCompileExec4119528717.dir/src.c.o   -c /home/cloudson/sources/gowork/src/github.com/cloudson/gitql/libgit2/CMakeFiles/CMakeTmp/src.c
Linking C executable cmTryCompileExec4119528717
/usr/bin/cmake -E cmake_link_script CMakeFiles/cmTryCompileExec4119528717.dir/link.txt --verbose=1
/usr/bin/cc   -D_GNU_SOURCE -Wall -Wextra   -DIS_FVISIBILITY=HIDDEN_SUPPORTED    CMakeFiles/cmTryCompileExec4119528717.dir/src.c.o  -o cmTryCompileExec4119528717 -rdynamic 
make[2]: Leaving directory `/home/cloudson/sources/gowork/src/github.com/cloudson/gitql/libgit2/CMakeFiles/CMakeTmp'
make[1]: Leaving directory `/home/cloudson/sources/gowork/src/github.com/cloudson/gitql/libgit2/CMakeFiles/CMakeTmp'

Source file was:
int main(void) { return 0; }
Performing C SOURCE FILE Test IS_WNO-MISSING-FIELD-INITIALIZERS_SUPPORTED succeded with the following output:
Change Dir: /home/cloudson/sources/gowork/src/github.com/cloudson/gitql/libgit2/CMakeFiles/CMakeTmp

Run Build Command:/usr/bin/make "cmTryCompileExec3932863603/fast"
make[1]: Entering directory `/home/cloudson/sources/gowork/src/github.com/cloudson/gitql/libgit2/CMakeFiles/CMakeTmp'
/usr/bin/make -f CMakeFiles/cmTryCompileExec3932863603.dir/build.make CMakeFiles/cmTryCompileExec3932863603.dir/build
make[2]: Entering directory `/home/cloudson/sources/gowork/src/github.com/cloudson/gitql/libgit2/CMakeFiles/CMakeTmp'
/usr/bin/cmake -E cmake_progress_report /home/cloudson/sources/gowork/src/github.com/cloudson/gitql/libgit2/CMakeFiles/CMakeTmp/CMakeFiles 1
Building C object CMakeFiles/cmTryCompileExec3932863603.dir/src.c.o
/usr/bin/cc   -D_GNU_SOURCE -Wall -Wextra  -fvisibility=hidden -fPIC  -DIS_WNO-MISSING-FIELD-INITIALIZERS_SUPPORTED   -Wno-missing-field-initializers -o CMakeFiles/cmTryCompileExec3932863603.dir/src.c.o   -c /home/cloudson/sources/gowork/src/github.com/cloudson/gitql/libgit2/CMakeFiles/CMakeTmp/src.c
<command-line>:0:7: warning: missing whitespace after the macro name [enabled by default]
Linking C executable cmTryCompileExec3932863603
/usr/bin/cmake -E cmake_link_script CMakeFiles/cmTryCompileExec3932863603.dir/link.txt --verbose=1
/usr/bin/cc   -D_GNU_SOURCE -Wall -Wextra  -fvisibility=hidden -fPIC  -DIS_WNO-MISSING-FIELD-INITIALIZERS_SUPPORTED    CMakeFiles/cmTryCompileExec3932863603.dir/src.c.o  -o cmTryCompileExec3932863603 -rdynamic 
make[2]: Leaving directory `/home/cloudson/sources/gowork/src/github.com/cloudson/gitql/libgit2/CMakeFiles/CMakeTmp'
make[1]: Leaving directory `/home/cloudson/sources/gowork/src/github.com/cloudson/gitql/libgit2/CMakeFiles/CMakeTmp'

Source file was:
int main(void) { return 0; }
Performing C SOURCE FILE Test IS_WSTRICT-ALIASING=2_SUPPORTED succeded with the following output:
Change Dir: /home/cloudson/sources/gowork/src/github.com/cloudson/gitql/libgit2/CMakeFiles/CMakeTmp

Run Build Command:/usr/bin/make "cmTryCompileExec2623223158/fast"
make[1]: Entering directory `/home/cloudson/sources/gowork/src/github.com/cloudson/gitql/libgit2/CMakeFiles/CMakeTmp'
/usr/bin/make -f CMakeFiles/cmTryCompileExec2623223158.dir/build.make CMakeFiles/cmTryCompileExec2623223158.dir/build
make[2]: Entering directory `/home/cloudson/sources/gowork/src/github.com/cloudson/gitql/libgit2/CMakeFiles/CMakeTmp'
/usr/bin/cmake -E cmake_progress_report /home/cloudson/sources/gowork/src/github.com/cloudson/gitql/libgit2/CMakeFiles/CMakeTmp/CMakeFiles 1
Building C object CMakeFiles/cmTryCompileExec2623223158.dir/src.c.o
/usr/bin/cc   -D_GNU_SOURCE -Wall -Wextra  -fvisibility=hidden -fPIC -Wno-missing-field-initializers  -DIS_WSTRICT-ALIASING=2_SUPPORTED   -Wstrict-aliasing=2 -o CMakeFiles/cmTryCompileExec2623223158.dir/src.c.o   -c /home/cloudson/sources/gowork/src/github.com/cloudson/gitql/libgit2/CMakeFiles/CMakeTmp/src.c
<command-line>:0:11: warning: missing whitespace after the macro name [enabled by default]
Linking C executable cmTryCompileExec2623223158
/usr/bin/cmake -E cmake_link_script CMakeFiles/cmTryCompileExec2623223158.dir/link.txt --verbose=1
/usr/bin/cc   -D_GNU_SOURCE -Wall -Wextra  -fvisibility=hidden -fPIC -Wno-missing-field-initializers  -DIS_WSTRICT-ALIASING=2_SUPPORTED    CMakeFiles/cmTryCompileExec2623223158.dir/src.c.o  -o cmTryCompileExec2623223158 -rdynamic 
make[2]: Leaving directory `/home/cloudson/sources/gowork/src/github.com/cloudson/gitql/libgit2/CMakeFiles/CMakeTmp'
make[1]: Leaving directory `/home/cloudson/sources/gowork/src/github.com/cloudson/gitql/libgit2/CMakeFiles/CMakeTmp'

Source file was:
int main(void) { return 0; }
Performing C SOURCE FILE Test IS_WSTRICT-PROTOTYPES_SUPPORTED succeded with the following output:
Change Dir: /home/cloudson/sources/gowork/src/github.com/cloudson/gitql/libgit2/CMakeFiles/CMakeTmp

Run Build Command:/usr/bin/make "cmTryCompileExec297175761/fast"
make[1]: Entering directory `/home/cloudson/sources/gowork/src/github.com/cloudson/gitql/libgit2/CMakeFiles/CMakeTmp'
/usr/bin/make -f CMakeFiles/cmTryCompileExec297175761.dir/build.make CMakeFiles/cmTryCompileExec297175761.dir/build
make[2]: Entering directory `/home/cloudson/sources/gowork/src/github.com/cloudson/gitql/libgit2/CMakeFiles/CMakeTmp'
/usr/bin/cmake -E cmake_progress_report /home/cloudson/sources/gowork/src/github.com/cloudson/gitql/libgit2/CMakeFiles/CMakeTmp/CMakeFiles 1
Building C object CMakeFiles/cmTryCompileExec297175761.dir/src.c.o
/usr/bin/cc   -D_GNU_SOURCE -Wall -Wextra  -fvisibility=hidden -fPIC -Wno-missing-field-initializers -Wstrict-aliasing=2  -DIS_WSTRICT-PROTOTYPES_SUPPORTED   -Wstrict-prototypes -o CMakeFiles/cmTryCompileExec297175761.dir/src.c.o   -c /home/cloudson/sources/gowork/src/github.com/cloudson/gitql/libgit2/CMakeFiles/CMakeTmp/src.c
<command-line>:0:11: warning: missing whitespace after the macro name [enabled by default]
Linking C executable cmTryCompileExec297175761
/usr/bin/cmake -E cmake_link_script CMakeFiles/cmTryCompileExec297175761.dir/link.txt --verbose=1
/usr/bin/cc   -D_GNU_SOURCE -Wall -Wextra  -fvisibility=hidden -fPIC -Wno-missing-field-initializers -Wstrict-aliasing=2  -DIS_WSTRICT-PROTOTYPES_SUPPORTED    CMakeFiles/cmTryCompileExec297175761.dir/src.c.o  -o cmTryCompileExec297175761 -rdynamic 
make[2]: Leaving directory `/home/cloudson/sources/gowork/src/github.com/cloudson/gitql/libgit2/CMakeFiles/CMakeTmp'
make[1]: Leaving directory `/home/cloudson/sources/gowork/src/github.com/cloudson/gitql/libgit2/CMakeFiles/CMakeTmp'

Source file was:
int main(void) { return 0; }
Performing C SOURCE FILE Test IS_WDECLARATION-AFTER-STATEMENT_SUPPORTED succeded with the following output:
Change Dir: /home/cloudson/sources/gowork/src/github.com/cloudson/gitql/libgit2/CMakeFiles/CMakeTmp

Run Build Command:/usr/bin/make "cmTryCompileExec1955721916/fast"
make[1]: Entering directory `/home/cloudson/sources/gowork/src/github.com/cloudson/gitql/libgit2/CMakeFiles/CMakeTmp'
/usr/bin/make -f CMakeFiles/cmTryCompileExec1955721916.dir/build.make CMakeFiles/cmTryCompileExec1955721916.dir/build
make[2]: Entering directory `/home/cloudson/sources/gowork/src/github.com/cloudson/gitql/libgit2/CMakeFiles/CMakeTmp'
/usr/bin/cmake -E cmake_progress_report /home/cloudson/sources/gowork/src/github.com/cloudson/gitql/libgit2/CMakeFiles/CMakeTmp/CMakeFiles 1
Building C object CMakeFiles/cmTryCompileExec1955721916.dir/src.c.o
/usr/bin/cc   -D_GNU_SOURCE -Wall -Wextra  -fvisibility=hidden -fPIC -Wno-missing-field-initializers -Wstrict-aliasing=2 -Wstrict-prototypes  -DIS_WDECLARATION-AFTER-STATEMENT_SUPPORTED   -Wdeclaration-after-statement -o CMakeFiles/cmTryCompileExec1955721916.dir/src.c.o   -c /home/cloudson/sources/gowork/src/github.com/cloudson/gitql/libgit2/CMakeFiles/CMakeTmp/src.c
<command-line>:0:16: warning: missing whitespace after the macro name [enabled by default]
Linking C executable cmTryCompileExec1955721916
/usr/bin/cmake -E cmake_link_script CMakeFiles/cmTryCompileExec1955721916.dir/link.txt --verbose=1
/usr/bin/cc   -D_GNU_SOURCE -Wall -Wextra  -fvisibility=hidden -fPIC -Wno-missing-field-initializers -Wstrict-aliasing=2 -Wstrict-prototypes  -DIS_WDECLARATION-AFTER-STATEMENT_SUPPORTED    CMakeFiles/cmTryCompileExec1955721916.dir/src.c.o  -o cmTryCompileExec1955721916 -rdynamic 
make[2]: Leaving directory `/home/cloudson/sources/gowork/src/github.com/cloudson/gitql/libgit2/CMakeFiles/CMakeTmp'
make[1]: Leaving directory `/home/cloudson/sources/gowork/src/github.com/cloudson/gitql/libgit2/CMakeFiles/CMakeTmp'

Source file was:
int main(void) { return 0; }
Performing C SOURCE FILE Test IS_WNO-UNUSED-FUNCTION_SUPPORTED succeded with the following output:
Change Dir: /home/cloudson/sources/gowork/src/github.com/cloudson/gitql/libgit2/CMakeFiles/CMakeTmp

Run Build Command:/usr/bin/make "cmTryCompileExec162757044/fast"
make[1]: Entering directory `/home/cloudson/sources/gowork/src/github.com/cloudson/gitql/libgit2/CMakeFiles/CMakeTmp'
/usr/bin/make -f CMakeFiles/cmTryCompileExec162757044.dir/build.make CMakeFiles/cmTryCompileExec162757044.dir/build
make[2]: Entering directory `/home/cloudson/sources/gowork/src/github.com/cloudson/gitql/libgit2/CMakeFiles/CMakeTmp'
/usr/bin/cmake -E cmake_progress_report /home/cloudson/sources/gowork/src/github.com/cloudson/gitql/libgit2/CMakeFiles/CMakeTmp/CMakeFiles 1
Building C object CMakeFiles/cmTryCompileExec162757044.dir/src.c.o
/usr/bin/cc   -D_GNU_SOURCE -Wall -Wextra  -fvisibility=hidden -fPIC -Wno-missing-field-initializers -Wstrict-aliasing=2 -Wstrict-prototypes -Wdeclaration-after-statement  -DIS_WNO-UNUSED-FUNCTION_SUPPORTED   -Wno-unused-function -o CMakeFiles/cmTryCompileExec162757044.dir/src.c.o   -c /home/cloudson/sources/gowork/src/github.com/cloudson/gitql/libgit2/CMakeFiles/CMakeTmp/src.c
<command-line>:0:7: warning: missing whitespace after the macro name [enabled by default]
Linking C executable cmTryCompileExec162757044
/usr/bin/cmake -E cmake_link_script CMakeFiles/cmTryCompileExec162757044.dir/link.txt --verbose=1
/usr/bin/cc   -D_GNU_SOURCE -Wall -Wextra  -fvisibility=hidden -fPIC -Wno-missing-field-initializers -Wstrict-aliasing=2 -Wstrict-prototypes -Wdeclaration-after-statement  -DIS_WNO-UNUSED-FUNCTION_SUPPORTED    CMakeFiles/cmTryCompileExec162757044.dir/src.c.o  -o cmTryCompileExec162757044 -rdynamic 
make[2]: Leaving directory `/home/cloudson/sources/gowork/src/github.com/cloudson/gitql/libgit2/CMakeFiles/CMakeTmp'
make[1]: Leaving directory `/home/cloudson/sources/gowork/src/github.com/cloudson/gitql/libgit2/CMakeFiles/CMakeTmp'

Source file was:
int main(void) { return 0; }
Determining if files pthread.h exist passed with the following output:
Change Dir: /home/cloudson/sources/gowork/src/github.com/cloudson/gitql/libgit2/CMakeFiles/CMakeTmp

Run Build Command:/usr/bin/make "cmTryCompileExec3668097066/fast"
make[1]: Entering directory `/home/cloudson/sources/gowork/src/github.com/cloudson/gitql/libgit2/CMakeFiles/CMakeTmp'
/usr/bin/make -f CMakeFiles/cmTryCompileExec3668097066.dir/build.make CMakeFiles/cmTryCompileExec3668097066.dir/build
make[2]: Entering directory `/home/cloudson/sources/gowork/src/github.com/cloudson/gitql/libgit2/CMakeFiles/CMakeTmp'
/usr/bin/cmake -E cmake_progress_report /home/cloudson/sources/gowork/src/github.com/cloudson/gitql/libgit2/CMakeFiles/CMakeTmp/CMakeFiles 1
Building C object CMakeFiles/cmTryCompileExec3668097066.dir/CheckIncludeFiles.c.o
/usr/bin/cc   -D_GNU_SOURCE -Wall -Wextra  -fvisibility=hidden -fPIC -Wno-missing-field-initializers -Wstrict-aliasing=2 -Wstrict-prototypes -Wdeclaration-after-statement -Wno-unused-function     -o CMakeFiles/cmTryCompileExec3668097066.dir/CheckIncludeFiles.c.o   -c /home/cloudson/sources/gowork/src/github.com/cloudson/gitql/libgit2/CMakeFiles/CMakeTmp/CheckIncludeFiles.c
/home/cloudson/sources/gowork/src/github.com/cloudson/gitql/libgit2/CMakeFiles/CMakeTmp/CheckIncludeFiles.c:5:5: warning: function declaration isn’t a prototype [-Wstrict-prototypes]
 int main(){return 0;}
     ^
Linking C executable cmTryCompileExec3668097066
/usr/bin/cmake -E cmake_link_script CMakeFiles/cmTryCompileExec3668097066.dir/link.txt --verbose=1
/usr/bin/cc   -D_GNU_SOURCE -Wall -Wextra  -fvisibility=hidden -fPIC -Wno-missing-field-initializers -Wstrict-aliasing=2 -Wstrict-prototypes -Wdeclaration-after-statement -Wno-unused-function      CMakeFiles/cmTryCompileExec3668097066.dir/CheckIncludeFiles.c.o  -o cmTryCompileExec3668097066 -rdynamic 
make[2]: Leaving directory `/home/cloudson/sources/gowork/src/github.com/cloudson/gitql/libgit2/CMakeFiles/CMakeTmp'
make[1]: Leaving directory `/home/cloudson/sources/gowork/src/github.com/cloudson/gitql/libgit2/CMakeFiles/CMakeTmp'


Determining if the function pthread_create exists in the pthread passed with the following output:
Change Dir: /home/cloudson/sources/gowork/src/github.com/cloudson/gitql/libgit2/CMakeFiles/CMakeTmp

Run Build Command:/usr/bin/make "cmTryCompileExec1709859731/fast"
make[1]: Entering directory `/home/cloudson/sources/gowork/src/github.com/cloudson/gitql/libgit2/CMakeFiles/CMakeTmp'
/usr/bin/make -f CMakeFiles/cmTryCompileExec1709859731.dir/build.make CMakeFiles/cmTryCompileExec1709859731.dir/build
make[2]: Entering directory `/home/cloudson/sources/gowork/src/github.com/cloudson/gitql/libgit2/CMakeFiles/CMakeTmp'
/usr/bin/cmake -E cmake_progress_report /home/cloudson/sources/gowork/src/github.com/cloudson/gitql/libgit2/CMakeFiles/CMakeTmp/CMakeFiles 1
Building C object CMakeFiles/cmTryCompileExec1709859731.dir/CheckFunctionExists.c.o
/usr/bin/cc   -D_GNU_SOURCE -Wall -Wextra  -fvisibility=hidden -fPIC -Wno-missing-field-initializers -Wstrict-aliasing=2 -Wstrict-prototypes -Wdeclaration-after-statement -Wno-unused-function  -DCHECK_FUNCTION_EXISTS=pthread_create   -o CMakeFiles/cmTryCompileExec1709859731.dir/CheckFunctionExists.c.o   -c /usr/share/cmake-2.8/Modules/CheckFunctionExists.c
/usr/share/cmake-2.8/Modules/CheckFunctionExists.c:3:1: warning: function declaration isn’t a prototype [-Wstrict-prototypes]
 char CHECK_FUNCTION_EXISTS();
 ^
Linking C executable cmTryCompileExec1709859731
/usr/bin/cmake -E cmake_link_script CMakeFiles/cmTryCompileExec1709859731.dir/link.txt --verbose=1
/usr/bin/cc   -D_GNU_SOURCE -Wall -Wextra  -fvisibility=hidden -fPIC -Wno-missing-field-initializers -Wstrict-aliasing=2 -Wstrict-prototypes -Wdeclaration-after-statement -Wno-unused-function  -DCHECK_FUNCTION_EXISTS=pthread_create    CMakeFiles/cmTryCompileExec1709859731.dir/CheckFunctionExists.c.o  -o cmTryCompileExec1709859731 -rdynamic -lpthread 
make[2]: Leaving directory `/home/cloudson/sources/gowork/src/github.com/cloudson/gitql/libgit2/CMakeFiles/CMakeTmp'
make[1]: Leaving directory `/home/cloudson/sources/gowork/src/github.com/cloudson/gitql/libgit2/CMakeFiles/CMakeTmp'


Determining if the function clock_gettime exists in the rt passed with the following output:
Change Dir: /home/cloudson/sources/gowork/src/github.com/cloudson/gitql/libgit2/CMakeFiles/CMakeTmp

Run Build Command:/usr/bin/make "cmTryCompileExec12692256/fast"
make[1]: Entering directory `/home/cloudson/sources/gowork/src/github.com/cloudson/gitql/libgit2/CMakeFiles/CMakeTmp'
/usr/bin/make -f CMakeFiles/cmTryCompileExec12692256.dir/build.make CMakeFiles/cmTryCompileExec12692256.dir/build
make[2]: Entering directory `/home/cloudson/sources/gowork/src/github.com/cloudson/gitql/libgit2/CMakeFiles/CMakeTmp'
/usr/bin/cmake -E cmake_progress_report /home/cloudson/sources/gowork/src/github.com/cloudson/gitql/libgit2/CMakeFiles/CMakeTmp/CMakeFiles 1
Building C object CMakeFiles/cmTryCompileExec12692256.dir/CheckFunctionExists.c.o
/usr/bin/cc   -D_GNU_SOURCE -Wall -Wextra  -fvisibility=hidden -fPIC -Wno-missing-field-initializers -Wstrict-aliasing=2 -Wstrict-prototypes -Wdeclaration-after-statement -Wno-unused-function  -DCHECK_FUNCTION_EXISTS=clock_gettime   -o CMakeFiles/cmTryCompileExec12692256.dir/CheckFunctionExists.c.o   -c /usr/share/cmake-2.8/Modules/CheckFunctionExists.c
/usr/share/cmake-2.8/Modules/CheckFunctionExists.c:3:1: warning: function declaration isn’t a prototype [-Wstrict-prototypes]
 char CHECK_FUNCTION_EXISTS();
 ^
Linking C executable cmTryCompileExec12692256
/usr/bin/cmake -E cmake_link_script CMakeFiles/cmTryCompileExec12692256.dir/link.txt --verbose=1
/usr/bin/cc   -D_GNU_SOURCE -Wall -Wextra  -fvisibility=hidden -fPIC -Wno-missing-field-initializers -Wstrict-aliasing=2 -Wstrict-prototypes -Wdeclaration-after-statement -Wno-unused-function  -DCHECK_FUNCTION_EXISTS=clock_gettime    CMakeFiles/cmTryCompileExec12692256.dir/CheckFunctionExists.c.o  -o cmTryCompileExec12692256  -L/home/cloudson/sources/gowork/src/github.com/cloudson/gitql/libgit2/CMakeFiles/CMakeTmp/time.h -rdynamic -lrt -Wl,-rpath,/home/cloudson/sources/gowork/src/github.com/cloudson/gitql/libgit2/CMakeFiles/CMakeTmp/time.h 
make[2]: Leaving directory `/home/cloudson/sources/gowork/src/github.com/cloudson/gitql/libgit2/CMakeFiles/CMakeTmp'
make[1]: Leaving directory `/home/cloudson/sources/gowork/src/github.com/cloudson/gitql/libgit2/CMakeFiles/CMakeTmp'


